2019-11-11 17:51:43,339 [Worker-2: Loading available Gradle versions] INFO  c.g.t.t.d.PublishedGradleVersions - Gradle version information cache is up-to-date. Trying to read.
2019-11-11 17:55:15,132 [ModalContext] WARN  o.e.m.j.i.JavaProjectConversionParticipant - recipe_project has multiple source entries, this is not supported yet
2019-11-11 17:55:19,504 [Worker-6: Enabling Maven Dependency Management] INFO  o.e.m.c.i.l.LifecycleMappingFactory - Using org.maven.ide.eclipse.wtp.WarLifecycleMapping lifecycle mapping for MavenProject: com.team4.recipe_project:recipe_project:0.0.1-SNAPSHOT @ C:\Users\hsm35\Desktop\t4_project\recipe_project\pom.xml.
2019-11-11 17:55:23,270 [Worker-10: Building workspace] WARN  o.e.m.c.i.embedder.EclipseLogger - Using platform encoding (MS949 actually) to copy filtered resources, i.e. build is platform dependent!
2019-11-11 17:55:23,273 [Worker-10: Building workspace] INFO  o.e.m.c.i.embedder.EclipseLogger - skip non existing resourceDirectory C:\Users\hsm35\Desktop\t4_project\recipe_project\src\main\resources
2019-11-11 17:55:23,277 [Worker-10: Building workspace] WARN  o.e.m.c.i.embedder.EclipseLogger - Using platform encoding (MS949 actually) to copy filtered resources, i.e. build is platform dependent!
2019-11-11 17:55:23,279 [Worker-10: Building workspace] INFO  o.e.m.c.i.embedder.EclipseLogger - skip non existing resourceDirectory C:\Users\hsm35\Desktop\t4_project\recipe_project\src\test\resources
2019-11-11 17:55:23,363 [Worker-6: Enabling Maven Dependency Management] INFO  o.e.m.j.i.AbstractJavaProjectConfigurator - Adding source folder /recipe_project/src
2019-11-11 17:55:23,365 [Worker-6: Enabling Maven Dependency Management] INFO  o.e.m.j.i.AbstractJavaProjectConfigurator - Not adding source folder /recipe_project/src/test/java because it overlaps with /recipe_project/src
2019-11-11 17:55:26,239 [Worker-12: Building workspace] WARN  o.e.m.c.i.embedder.EclipseLogger - Using platform encoding (MS949 actually) to copy filtered resources, i.e. build is platform dependent!
2019-11-11 17:55:26,242 [Worker-12: Building workspace] INFO  o.e.m.c.i.embedder.EclipseLogger - skip non existing resourceDirectory C:\Users\hsm35\Desktop\t4_project\recipe_project\src\main\resources
2019-11-11 17:55:26,243 [Worker-12: Building workspace] WARN  o.e.m.c.i.embedder.EclipseLogger - Using platform encoding (MS949 actually) to copy filtered resources, i.e. build is platform dependent!
2019-11-11 17:55:26,245 [Worker-12: Building workspace] INFO  o.e.m.c.i.embedder.EclipseLogger - skip non existing resourceDirectory C:\Users\hsm35\Desktop\t4_project\recipe_project\src\test\resources
2019-11-11 17:55:27,042 [Worker-6: Enabling Maven Dependency Management] INFO  o.e.m.c.i.p.ProjectConfigurationManager - Update started
2019-11-11 17:55:28,155 [Worker-6: Enabling Maven Dependency Management] INFO  o.e.m.c.i.l.LifecycleMappingFactory - Using org.maven.ide.eclipse.wtp.WarLifecycleMapping lifecycle mapping for MavenProject: com.team4.recipe_project:recipe_project:0.0.1-SNAPSHOT @ C:\Users\hsm35\Desktop\t4_project\recipe_project\pom.xml.
2019-11-11 17:55:30,019 [Worker-15: Building workspace] WARN  o.e.m.c.i.embedder.EclipseLogger - Using platform encoding (MS949 actually) to copy filtered resources, i.e. build is platform dependent!
2019-11-11 17:55:30,022 [Worker-15: Building workspace] INFO  o.e.m.c.i.embedder.EclipseLogger - skip non existing resourceDirectory C:\Users\hsm35\Desktop\t4_project\recipe_project\src\main\resources
2019-11-11 17:55:30,024 [Worker-15: Building workspace] WARN  o.e.m.c.i.embedder.EclipseLogger - Using platform encoding (MS949 actually) to copy filtered resources, i.e. build is platform dependent!
2019-11-11 17:55:30,026 [Worker-15: Building workspace] INFO  o.e.m.c.i.embedder.EclipseLogger - skip non existing resourceDirectory C:\Users\hsm35\Desktop\t4_project\recipe_project\src\test\resources
2019-11-11 17:55:30,027 [Worker-15: Building workspace] INFO  o.e.m.w.i.f.ResourceFilteringBuildParticipant - Changed resources require a complete clean of filtered resources of recipe_project
2019-11-11 17:55:30,029 [Worker-15: Building workspace] INFO  o.e.m.w.i.f.ResourceFilteringBuildParticipant - Executing resource filtering for recipe_project
2019-11-11 17:55:30,037 [Worker-15: Building workspace] WARN  o.e.m.c.i.embedder.EclipseLogger - The POM for org.apache.maven.plugins:maven-clean-plugin:jar:2.5 is missing, no dependency information available
2019-11-11 17:55:30,120 [Worker-15: Building workspace] WARN  o.e.m.c.i.embedder.EclipseLogger - Using platform encoding (MS949 actually) to copy filtered resources, i.e. build is platform dependent!
2019-11-11 17:55:30,199 [Worker-6: Enabling Maven Dependency Management] INFO  o.e.m.j.i.AbstractJavaProjectConfigurator - Adding source folder /recipe_project/src
2019-11-11 17:55:30,200 [Worker-6: Enabling Maven Dependency Management] INFO  o.e.m.j.i.AbstractJavaProjectConfigurator - Not adding source folder /recipe_project/src/test/java because it overlaps with /recipe_project/src
2019-11-11 17:55:31,168 [Worker-6: Enabling Maven Dependency Management] INFO  o.e.m.w.i.f.ResourceFilteringBuildParticipant - Cleaning filtered folder for recipe_project
2019-11-11 17:55:31,227 [Worker-6: Enabling Maven Dependency Management] INFO  o.e.m.c.i.p.ProjectConfigurationManager - Update completed: 4 sec
2019-11-11 17:55:31,351 [Worker-10: Building workspace] WARN  o.e.m.c.i.embedder.EclipseLogger - Using platform encoding (MS949 actually) to copy filtered resources, i.e. build is platform dependent!
2019-11-11 17:55:31,353 [Worker-10: Building workspace] INFO  o.e.m.c.i.embedder.EclipseLogger - skip non existing resourceDirectory C:\Users\hsm35\Desktop\t4_project\recipe_project\src\main\resources
2019-11-11 17:55:31,354 [Worker-10: Building workspace] WARN  o.e.m.c.i.embedder.EclipseLogger - Using platform encoding (MS949 actually) to copy filtered resources, i.e. build is platform dependent!
2019-11-11 17:55:31,356 [Worker-10: Building workspace] INFO  o.e.m.c.i.embedder.EclipseLogger - skip non existing resourceDirectory C:\Users\hsm35\Desktop\t4_project\recipe_project\src\test\resources
2019-11-11 17:55:31,356 [Worker-10: Building workspace] INFO  o.e.m.w.i.f.ResourceFilteringBuildParticipant - Changed resources require a complete clean of filtered resources of recipe_project
2019-11-11 17:55:31,357 [Worker-10: Building workspace] INFO  o.e.m.w.i.f.ResourceFilteringBuildParticipant - Executing resource filtering for recipe_project
2019-11-11 17:55:31,365 [Worker-10: Building workspace] WARN  o.e.m.c.i.embedder.EclipseLogger - Using platform encoding (MS949 actually) to copy filtered resources, i.e. build is platform dependent!
2019-11-11 17:57:45,288 [Worker-1: Building workspace] INFO  o.e.m.c.i.l.LifecycleMappingFactory - Using org.maven.ide.eclipse.wtp.WarLifecycleMapping lifecycle mapping for MavenProject: com.team4.recipe_project:recipe_project:0.0.1-SNAPSHOT @ C:\Users\hsm35\Desktop\t4_project\recipe_project\pom.xml.
2019-11-11 17:57:47,082 [Worker-1: Building workspace] WARN  o.e.m.c.i.embedder.EclipseLogger - Using platform encoding (MS949 actually) to copy filtered resources, i.e. build is platform dependent!
2019-11-11 17:57:47,084 [Worker-1: Building workspace] INFO  o.e.m.c.i.embedder.EclipseLogger - skip non existing resourceDirectory C:\Users\hsm35\Desktop\t4_project\recipe_project\src\main\resources
2019-11-11 17:57:47,087 [Worker-1: Building workspace] WARN  o.e.m.c.i.embedder.EclipseLogger - Using platform encoding (MS949 actually) to copy filtered resources, i.e. build is platform dependent!
2019-11-11 17:57:47,089 [Worker-1: Building workspace] INFO  o.e.m.c.i.embedder.EclipseLogger - skip non existing resourceDirectory C:\Users\hsm35\Desktop\t4_project\recipe_project\src\test\resources
2019-11-11 17:57:47,090 [Worker-1: Building workspace] INFO  o.e.m.w.i.f.ResourceFilteringBuildParticipant - Changed resources require a complete clean of filtered resources of recipe_project
2019-11-11 17:57:47,090 [Worker-1: Building workspace] INFO  o.e.m.w.i.f.ResourceFilteringBuildParticipant - Executing resource filtering for recipe_project
2019-11-11 17:57:47,098 [Worker-1: Building workspace] WARN  o.e.m.c.i.embedder.EclipseLogger - Using platform encoding (MS949 actually) to copy filtered resources, i.e. build is platform dependent!
2019-11-11 17:59:18,382 [Worker-9: Building workspace] WARN  o.e.m.c.i.embedder.EclipseLogger - Using platform encoding (MS949 actually) to copy filtered resources, i.e. build is platform dependent!
2019-11-11 17:59:18,384 [Worker-9: Building workspace] INFO  o.e.m.c.i.embedder.EclipseLogger - skip non existing resourceDirectory C:\Users\hsm35\Desktop\t4_project\recipe_project\src\main\resources
2019-11-11 17:59:18,386 [Worker-9: Building workspace] WARN  o.e.m.c.i.embedder.EclipseLogger - Using platform encoding (MS949 actually) to copy filtered resources, i.e. build is platform dependent!
2019-11-11 17:59:18,390 [Worker-9: Building workspace] INFO  o.e.m.c.i.embedder.EclipseLogger - skip non existing resourceDirectory C:\Users\hsm35\Desktop\t4_project\recipe_project\src\test\resources
2019-11-11 17:59:23,698 [Worker-17: Building workspace] WARN  o.e.m.c.i.embedder.EclipseLogger - Using platform encoding (MS949 actually) to copy filtered resources, i.e. build is platform dependent!
2019-11-11 17:59:23,700 [Worker-17: Building workspace] INFO  o.e.m.c.i.embedder.EclipseLogger - skip non existing resourceDirectory C:\Users\hsm35\Desktop\t4_project\recipe_project\src\main\resources
2019-11-11 17:59:23,703 [Worker-17: Building workspace] WARN  o.e.m.c.i.embedder.EclipseLogger - Using platform encoding (MS949 actually) to copy filtered resources, i.e. build is platform dependent!
2019-11-11 17:59:23,704 [Worker-17: Building workspace] INFO  o.e.m.c.i.embedder.EclipseLogger - skip non existing resourceDirectory C:\Users\hsm35\Desktop\t4_project\recipe_project\src\test\resources
2019-11-11 18:00:04,008 [Worker-18: Building workspace] WARN  o.e.m.c.i.embedder.EclipseLogger - Using platform encoding (MS949 actually) to copy filtered resources, i.e. build is platform dependent!
2019-11-11 18:00:04,010 [Worker-18: Building workspace] INFO  o.e.m.c.i.embedder.EclipseLogger - skip non existing resourceDirectory C:\Users\hsm35\Desktop\t4_project\recipe_project\src\main\resources
2019-11-11 18:00:04,013 [Worker-18: Building workspace] WARN  o.e.m.c.i.embedder.EclipseLogger - Using platform encoding (MS949 actually) to copy filtered resources, i.e. build is platform dependent!
2019-11-11 18:00:04,014 [Worker-18: Building workspace] INFO  o.e.m.c.i.embedder.EclipseLogger - skip non existing resourceDirectory C:\Users\hsm35\Desktop\t4_project\recipe_project\src\test\resources
2019-11-11 18:05:24,315 [Worker-4: Loading available Gradle versions] INFO  c.g.t.t.d.PublishedGradleVersions - Gradle version information cache is up-to-date. Trying to read.
2019-11-11 18:05:34,042 [Worker-3: Building workspace] WARN  o.e.m.c.i.embedder.EclipseLogger - Using platform encoding (MS949 actually) to copy filtered resources, i.e. build is platform dependent!
2019-11-11 18:05:34,046 [Worker-3: Building workspace] INFO  o.e.m.c.i.embedder.EclipseLogger - skip non existing resourceDirectory C:\github\DBP_recipeProject\t4_project\recipe_project\src\main\resources
2019-11-11 18:05:34,049 [Worker-3: Building workspace] WARN  o.e.m.c.i.embedder.EclipseLogger - Using platform encoding (MS949 actually) to copy filtered resources, i.e. build is platform dependent!
2019-11-11 18:05:34,051 [Worker-3: Building workspace] INFO  o.e.m.c.i.embedder.EclipseLogger - skip non existing resourceDirectory C:\github\DBP_recipeProject\t4_project\recipe_project\src\test\resources
2019-11-11 18:12:16,456 [Worker-17: Building workspace] WARN  o.e.m.c.i.embedder.EclipseLogger - Using platform encoding (MS949 actually) to copy filtered resources, i.e. build is platform dependent!
2019-11-11 18:12:16,461 [Worker-17: Building workspace] INFO  o.e.m.c.i.embedder.EclipseLogger - skip non existing resourceDirectory C:\github\DBP_recipeProject\t4_project\recipe_project\src\main\resources
2019-11-11 18:12:16,463 [Worker-17: Building workspace] WARN  o.e.m.c.i.embedder.EclipseLogger - Using platform encoding (MS949 actually) to copy filtered resources, i.e. build is platform dependent!
2019-11-11 18:12:16,464 [Worker-17: Building workspace] INFO  o.e.m.c.i.embedder.EclipseLogger - skip non existing resourceDirectory C:\github\DBP_recipeProject\t4_project\recipe_project\src\test\resources
2019-11-11 18:12:31,706 [Worker-17: Building workspace] WARN  o.e.m.c.i.embedder.EclipseLogger - Using platform encoding (MS949 actually) to copy filtered resources, i.e. build is platform dependent!
2019-11-11 18:12:31,708 [Worker-17: Building workspace] INFO  o.e.m.c.i.embedder.EclipseLogger - skip non existing resourceDirectory C:\github\DBP_recipeProject\t4_project\recipe_project\src\main\resources
2019-11-11 18:12:31,710 [Worker-17: Building workspace] WARN  o.e.m.c.i.embedder.EclipseLogger - Using platform encoding (MS949 actually) to copy filtered resources, i.e. build is platform dependent!
2019-11-11 18:12:31,712 [Worker-17: Building workspace] INFO  o.e.m.c.i.embedder.EclipseLogger - skip non existing resourceDirectory C:\github\DBP_recipeProject\t4_project\recipe_project\src\test\resources
2019-11-11 18:12:41,622 [Worker-1: Building workspace] WARN  o.e.m.c.i.embedder.EclipseLogger - Using platform encoding (MS949 actually) to copy filtered resources, i.e. build is platform dependent!
2019-11-11 18:12:41,624 [Worker-1: Building workspace] INFO  o.e.m.c.i.embedder.EclipseLogger - skip non existing resourceDirectory C:\github\DBP_recipeProject\t4_project\recipe_project\src\main\resources
2019-11-11 18:12:41,625 [Worker-1: Building workspace] WARN  o.e.m.c.i.embedder.EclipseLogger - Using platform encoding (MS949 actually) to copy filtered resources, i.e. build is platform dependent!
2019-11-11 18:12:41,627 [Worker-1: Building workspace] INFO  o.e.m.c.i.embedder.EclipseLogger - skip non existing resourceDirectory C:\github\DBP_recipeProject\t4_project\recipe_project\src\test\resources
2019-11-11 18:12:52,745 [Worker-1: Building workspace] WARN  o.e.m.c.i.embedder.EclipseLogger - Using platform encoding (MS949 actually) to copy filtered resources, i.e. build is platform dependent!
2019-11-11 18:12:52,746 [Worker-1: Building workspace] INFO  o.e.m.c.i.embedder.EclipseLogger - skip non existing resourceDirectory C:\github\DBP_recipeProject\t4_project\recipe_project\src\main\resources
2019-11-11 18:12:52,748 [Worker-1: Building workspace] WARN  o.e.m.c.i.embedder.EclipseLogger - Using platform encoding (MS949 actually) to copy filtered resources, i.e. build is platform dependent!
2019-11-11 18:12:52,750 [Worker-1: Building workspace] INFO  o.e.m.c.i.embedder.EclipseLogger - skip non existing resourceDirectory C:\github\DBP_recipeProject\t4_project\recipe_project\src\test\resources
2019-11-11 18:13:03,846 [Worker-5: Building workspace] WARN  o.e.m.c.i.embedder.EclipseLogger - Using platform encoding (MS949 actually) to copy filtered resources, i.e. build is platform dependent!
2019-11-11 18:13:03,847 [Worker-5: Building workspace] INFO  o.e.m.c.i.embedder.EclipseLogger - skip non existing resourceDirectory C:\github\DBP_recipeProject\t4_project\recipe_project\src\main\resources
2019-11-11 18:13:03,850 [Worker-5: Building workspace] WARN  o.e.m.c.i.embedder.EclipseLogger - Using platform encoding (MS949 actually) to copy filtered resources, i.e. build is platform dependent!
2019-11-11 18:13:03,852 [Worker-5: Building workspace] INFO  o.e.m.c.i.embedder.EclipseLogger - skip non existing resourceDirectory C:\github\DBP_recipeProject\t4_project\recipe_project\src\test\resources
2019-11-11 18:14:32,095 [Worker-1: Building workspace] WARN  o.e.m.c.i.embedder.EclipseLogger - Using platform encoding (MS949 actually) to copy filtered resources, i.e. build is platform dependent!
2019-11-11 18:14:32,097 [Worker-1: Building workspace] INFO  o.e.m.c.i.embedder.EclipseLogger - skip non existing resourceDirectory C:\github\DBP_recipeProject\t4_project\recipe_project\src\main\resources
2019-11-11 18:14:32,100 [Worker-1: Building workspace] WARN  o.e.m.c.i.embedder.EclipseLogger - Using platform encoding (MS949 actually) to copy filtered resources, i.e. build is platform dependent!
2019-11-11 18:14:32,101 [Worker-1: Building workspace] INFO  o.e.m.c.i.embedder.EclipseLogger - skip non existing resourceDirectory C:\github\DBP_recipeProject\t4_project\recipe_project\src\test\resources
2019-11-11 18:14:43,473 [Worker-1: Building workspace] WARN  o.e.m.c.i.embedder.EclipseLogger - Using platform encoding (MS949 actually) to copy filtered resources, i.e. build is platform dependent!
2019-11-11 18:14:43,474 [Worker-1: Building workspace] INFO  o.e.m.c.i.embedder.EclipseLogger - skip non existing resourceDirectory C:\github\DBP_recipeProject\t4_project\recipe_project\src\main\resources
2019-11-11 18:14:43,478 [Worker-1: Building workspace] WARN  o.e.m.c.i.embedder.EclipseLogger - Using platform encoding (MS949 actually) to copy filtered resources, i.e. build is platform dependent!
2019-11-11 18:14:43,479 [Worker-1: Building workspace] INFO  o.e.m.c.i.embedder.EclipseLogger - skip non existing resourceDirectory C:\github\DBP_recipeProject\t4_project\recipe_project\src\test\resources
2019-11-11 18:17:31,990 [Worker-1: Building workspace] WARN  o.e.m.c.i.embedder.EclipseLogger - Using platform encoding (MS949 actually) to copy filtered resources, i.e. build is platform dependent!
2019-11-11 18:17:31,992 [Worker-1: Building workspace] INFO  o.e.m.c.i.embedder.EclipseLogger - skip non existing resourceDirectory C:\github\DBP_recipeProject\t4_project\recipe_project\src\main\resources
2019-11-11 18:17:31,994 [Worker-1: Building workspace] WARN  o.e.m.c.i.embedder.EclipseLogger - Using platform encoding (MS949 actually) to copy filtered resources, i.e. build is platform dependent!
2019-11-11 18:17:31,996 [Worker-1: Building workspace] INFO  o.e.m.c.i.embedder.EclipseLogger - skip non existing resourceDirectory C:\github\DBP_recipeProject\t4_project\recipe_project\src\test\resources
2019-11-11 18:18:09,067 [Worker-23: Building workspace] WARN  o.e.m.c.i.embedder.EclipseLogger - Using platform encoding (MS949 actually) to copy filtered resources, i.e. build is platform dependent!
2019-11-11 18:18:09,069 [Worker-23: Building workspace] INFO  o.e.m.c.i.embedder.EclipseLogger - skip non existing resourceDirectory C:\github\DBP_recipeProject\t4_project\recipe_project\src\main\resources
2019-11-11 18:18:09,071 [Worker-23: Building workspace] WARN  o.e.m.c.i.embedder.EclipseLogger - Using platform encoding (MS949 actually) to copy filtered resources, i.e. build is platform dependent!
2019-11-11 18:18:09,073 [Worker-23: Building workspace] INFO  o.e.m.c.i.embedder.EclipseLogger - skip non existing resourceDirectory C:\github\DBP_recipeProject\t4_project\recipe_project\src\test\resources
2019-11-11 18:20:51,162 [Worker-26: Building workspace] WARN  o.e.m.c.i.embedder.EclipseLogger - Using platform encoding (MS949 actually) to copy filtered resources, i.e. build is platform dependent!
2019-11-11 18:20:51,164 [Worker-26: Building workspace] INFO  o.e.m.c.i.embedder.EclipseLogger - skip non existing resourceDirectory C:\github\DBP_recipeProject\t4_project\recipe_project\src\main\resources
2019-11-11 18:20:51,166 [Worker-26: Building workspace] WARN  o.e.m.c.i.embedder.EclipseLogger - Using platform encoding (MS949 actually) to copy filtered resources, i.e. build is platform dependent!
2019-11-11 18:20:51,168 [Worker-26: Building workspace] INFO  o.e.m.c.i.embedder.EclipseLogger - skip non existing resourceDirectory C:\github\DBP_recipeProject\t4_project\recipe_project\src\test\resources
2019-11-11 18:22:29,445 [Worker-25: Building workspace] WARN  o.e.m.c.i.embedder.EclipseLogger - Using platform encoding (MS949 actually) to copy filtered resources, i.e. build is platform dependent!
2019-11-11 18:22:29,447 [Worker-25: Building workspace] INFO  o.e.m.c.i.embedder.EclipseLogger - skip non existing resourceDirectory C:\github\DBP_recipeProject\t4_project\recipe_project\src\main\resources
2019-11-11 18:22:29,448 [Worker-25: Building workspace] WARN  o.e.m.c.i.embedder.EclipseLogger - Using platform encoding (MS949 actually) to copy filtered resources, i.e. build is platform dependent!
2019-11-11 18:22:29,464 [Worker-25: Building workspace] INFO  o.e.m.c.i.embedder.EclipseLogger - skip non existing resourceDirectory C:\github\DBP_recipeProject\t4_project\recipe_project\src\test\resources
2019-11-11 18:28:20,034 [Worker-30: Building workspace] WARN  o.e.m.c.i.embedder.EclipseLogger - Using platform encoding (MS949 actually) to copy filtered resources, i.e. build is platform dependent!
2019-11-11 18:28:20,036 [Worker-30: Building workspace] INFO  o.e.m.c.i.embedder.EclipseLogger - skip non existing resourceDirectory C:\github\DBP_recipeProject\t4_project\recipe_project\src\main\resources
2019-11-11 18:28:20,039 [Worker-30: Building workspace] WARN  o.e.m.c.i.embedder.EclipseLogger - Using platform encoding (MS949 actually) to copy filtered resources, i.e. build is platform dependent!
2019-11-11 18:28:20,041 [Worker-30: Building workspace] INFO  o.e.m.c.i.embedder.EclipseLogger - skip non existing resourceDirectory C:\github\DBP_recipeProject\t4_project\recipe_project\src\test\resources
2019-11-11 18:28:28,459 [Worker-28: Building workspace] WARN  o.e.m.c.i.embedder.EclipseLogger - Using platform encoding (MS949 actually) to copy filtered resources, i.e. build is platform dependent!
2019-11-11 18:28:28,461 [Worker-28: Building workspace] INFO  o.e.m.c.i.embedder.EclipseLogger - skip non existing resourceDirectory C:\github\DBP_recipeProject\t4_project\recipe_project\src\main\resources
2019-11-11 18:28:28,464 [Worker-28: Building workspace] WARN  o.e.m.c.i.embedder.EclipseLogger - Using platform encoding (MS949 actually) to copy filtered resources, i.e. build is platform dependent!
2019-11-11 18:28:28,466 [Worker-28: Building workspace] INFO  o.e.m.c.i.embedder.EclipseLogger - skip non existing resourceDirectory C:\github\DBP_recipeProject\t4_project\recipe_project\src\test\resources
2019-11-11 18:29:09,550 [Worker-28: Building workspace] WARN  o.e.m.c.i.embedder.EclipseLogger - Using platform encoding (MS949 actually) to copy filtered resources, i.e. build is platform dependent!
2019-11-11 18:29:09,552 [Worker-28: Building workspace] INFO  o.e.m.c.i.embedder.EclipseLogger - skip non existing resourceDirectory C:\github\DBP_recipeProject\t4_project\recipe_project\src\main\resources
2019-11-11 18:29:09,554 [Worker-28: Building workspace] WARN  o.e.m.c.i.embedder.EclipseLogger - Using platform encoding (MS949 actually) to copy filtered resources, i.e. build is platform dependent!
2019-11-11 18:29:09,556 [Worker-28: Building workspace] INFO  o.e.m.c.i.embedder.EclipseLogger - skip non existing resourceDirectory C:\github\DBP_recipeProject\t4_project\recipe_project\src\test\resources
2019-11-11 18:29:54,391 [Worker-30: Building workspace] WARN  o.e.m.c.i.embedder.EclipseLogger - Using platform encoding (MS949 actually) to copy filtered resources, i.e. build is platform dependent!
2019-11-11 18:29:54,394 [Worker-30: Building workspace] INFO  o.e.m.c.i.embedder.EclipseLogger - skip non existing resourceDirectory C:\github\DBP_recipeProject\t4_project\recipe_project\src\main\resources
2019-11-11 18:29:54,406 [Worker-30: Building workspace] WARN  o.e.m.c.i.embedder.EclipseLogger - Using platform encoding (MS949 actually) to copy filtered resources, i.e. build is platform dependent!
2019-11-11 18:29:54,408 [Worker-30: Building workspace] INFO  o.e.m.c.i.embedder.EclipseLogger - skip non existing resourceDirectory C:\github\DBP_recipeProject\t4_project\recipe_project\src\test\resources
2019-11-11 18:30:15,159 [Worker-32: Building workspace] WARN  o.e.m.c.i.embedder.EclipseLogger - Using platform encoding (MS949 actually) to copy filtered resources, i.e. build is platform dependent!
2019-11-11 18:30:15,161 [Worker-32: Building workspace] INFO  o.e.m.c.i.embedder.EclipseLogger - skip non existing resourceDirectory C:\github\DBP_recipeProject\t4_project\recipe_project\src\main\resources
2019-11-11 18:30:15,163 [Worker-32: Building workspace] WARN  o.e.m.c.i.embedder.EclipseLogger - Using platform encoding (MS949 actually) to copy filtered resources, i.e. build is platform dependent!
2019-11-11 18:30:15,166 [Worker-32: Building workspace] INFO  o.e.m.c.i.embedder.EclipseLogger - skip non existing resourceDirectory C:\github\DBP_recipeProject\t4_project\recipe_project\src\test\resources
2019-11-11 18:31:25,294 [Worker-33: Building workspace] WARN  o.e.m.c.i.embedder.EclipseLogger - Using platform encoding (MS949 actually) to copy filtered resources, i.e. build is platform dependent!
2019-11-11 18:31:25,297 [Worker-33: Building workspace] INFO  o.e.m.c.i.embedder.EclipseLogger - skip non existing resourceDirectory C:\github\DBP_recipeProject\t4_project\recipe_project\src\main\resources
2019-11-11 18:31:25,300 [Worker-33: Building workspace] WARN  o.e.m.c.i.embedder.EclipseLogger - Using platform encoding (MS949 actually) to copy filtered resources, i.e. build is platform dependent!
2019-11-11 18:31:25,302 [Worker-33: Building workspace] INFO  o.e.m.c.i.embedder.EclipseLogger - skip non existing resourceDirectory C:\github\DBP_recipeProject\t4_project\recipe_project\src\test\resources
2019-11-11 18:31:32,698 [Worker-31: Building workspace] WARN  o.e.m.c.i.embedder.EclipseLogger - Using platform encoding (MS949 actually) to copy filtered resources, i.e. build is platform dependent!
2019-11-11 18:31:32,700 [Worker-31: Building workspace] INFO  o.e.m.c.i.embedder.EclipseLogger - skip non existing resourceDirectory C:\github\DBP_recipeProject\t4_project\recipe_project\src\main\resources
2019-11-11 18:31:32,703 [Worker-31: Building workspace] WARN  o.e.m.c.i.embedder.EclipseLogger - Using platform encoding (MS949 actually) to copy filtered resources, i.e. build is platform dependent!
2019-11-11 18:31:32,714 [Worker-31: Building workspace] INFO  o.e.m.c.i.embedder.EclipseLogger - skip non existing resourceDirectory C:\github\DBP_recipeProject\t4_project\recipe_project\src\test\resources
2019-11-11 18:32:11,039 [Worker-34: Building workspace] WARN  o.e.m.c.i.embedder.EclipseLogger - Using platform encoding (MS949 actually) to copy filtered resources, i.e. build is platform dependent!
2019-11-11 18:32:11,042 [Worker-34: Building workspace] INFO  o.e.m.c.i.embedder.EclipseLogger - skip non existing resourceDirectory C:\github\DBP_recipeProject\t4_project\recipe_project\src\main\resources
2019-11-11 18:32:11,046 [Worker-34: Building workspace] WARN  o.e.m.c.i.embedder.EclipseLogger - Using platform encoding (MS949 actually) to copy filtered resources, i.e. build is platform dependent!
2019-11-11 18:32:11,048 [Worker-34: Building workspace] INFO  o.e.m.c.i.embedder.EclipseLogger - skip non existing resourceDirectory C:\github\DBP_recipeProject\t4_project\recipe_project\src\test\resources
2019-11-11 18:33:08,051 [Worker-31: Building workspace] WARN  o.e.m.c.i.embedder.EclipseLogger - Using platform encoding (MS949 actually) to copy filtered resources, i.e. build is platform dependent!
2019-11-11 18:33:08,053 [Worker-31: Building workspace] INFO  o.e.m.c.i.embedder.EclipseLogger - skip non existing resourceDirectory C:\github\DBP_recipeProject\t4_project\recipe_project\src\main\resources
2019-11-11 18:33:08,055 [Worker-31: Building workspace] WARN  o.e.m.c.i.embedder.EclipseLogger - Using platform encoding (MS949 actually) to copy filtered resources, i.e. build is platform dependent!
2019-11-11 18:33:08,060 [Worker-31: Building workspace] INFO  o.e.m.c.i.embedder.EclipseLogger - skip non existing resourceDirectory C:\github\DBP_recipeProject\t4_project\recipe_project\src\test\resources
2019-11-11 18:33:24,166 [Worker-34: Building workspace] WARN  o.e.m.c.i.embedder.EclipseLogger - Using platform encoding (MS949 actually) to copy filtered resources, i.e. build is platform dependent!
2019-11-11 18:33:24,168 [Worker-34: Building workspace] INFO  o.e.m.c.i.embedder.EclipseLogger - skip non existing resourceDirectory C:\github\DBP_recipeProject\t4_project\recipe_project\src\main\resources
2019-11-11 18:33:24,169 [Worker-34: Building workspace] WARN  o.e.m.c.i.embedder.EclipseLogger - Using platform encoding (MS949 actually) to copy filtered resources, i.e. build is platform dependent!
2019-11-11 18:33:24,171 [Worker-34: Building workspace] INFO  o.e.m.c.i.embedder.EclipseLogger - skip non existing resourceDirectory C:\github\DBP_recipeProject\t4_project\recipe_project\src\test\resources
2019-11-11 18:34:00,822 [Worker-31: Building workspace] WARN  o.e.m.c.i.embedder.EclipseLogger - Using platform encoding (MS949 actually) to copy filtered resources, i.e. build is platform dependent!
2019-11-11 18:34:00,823 [Worker-31: Building workspace] INFO  o.e.m.c.i.embedder.EclipseLogger - skip non existing resourceDirectory C:\github\DBP_recipeProject\t4_project\recipe_project\src\main\resources
2019-11-11 18:34:00,824 [Worker-31: Building workspace] WARN  o.e.m.c.i.embedder.EclipseLogger - Using platform encoding (MS949 actually) to copy filtered resources, i.e. build is platform dependent!
2019-11-11 18:34:00,827 [Worker-31: Building workspace] INFO  o.e.m.c.i.embedder.EclipseLogger - skip non existing resourceDirectory C:\github\DBP_recipeProject\t4_project\recipe_project\src\test\resources
2019-11-11 18:34:16,644 [Worker-34: Building workspace] WARN  o.e.m.c.i.embedder.EclipseLogger - Using platform encoding (MS949 actually) to copy filtered resources, i.e. build is platform dependent!
2019-11-11 18:34:16,646 [Worker-34: Building workspace] INFO  o.e.m.c.i.embedder.EclipseLogger - skip non existing resourceDirectory C:\github\DBP_recipeProject\t4_project\recipe_project\src\main\resources
2019-11-11 18:34:16,648 [Worker-34: Building workspace] WARN  o.e.m.c.i.embedder.EclipseLogger - Using platform encoding (MS949 actually) to copy filtered resources, i.e. build is platform dependent!
2019-11-11 18:34:16,650 [Worker-34: Building workspace] INFO  o.e.m.c.i.embedder.EclipseLogger - skip non existing resourceDirectory C:\github\DBP_recipeProject\t4_project\recipe_project\src\test\resources
2019-11-11 18:37:36,328 [Worker-35: Building workspace] WARN  o.e.m.c.i.embedder.EclipseLogger - Using platform encoding (MS949 actually) to copy filtered resources, i.e. build is platform dependent!
2019-11-11 18:37:36,331 [Worker-35: Building workspace] INFO  o.e.m.c.i.embedder.EclipseLogger - skip non existing resourceDirectory C:\github\DBP_recipeProject\t4_project\recipe_project\src\main\resources
2019-11-11 18:37:36,335 [Worker-35: Building workspace] WARN  o.e.m.c.i.embedder.EclipseLogger - Using platform encoding (MS949 actually) to copy filtered resources, i.e. build is platform dependent!
2019-11-11 18:37:36,338 [Worker-35: Building workspace] INFO  o.e.m.c.i.embedder.EclipseLogger - skip non existing resourceDirectory C:\github\DBP_recipeProject\t4_project\recipe_project\src\test\resources
2019-11-11 18:37:54,751 [Worker-35: Building workspace] WARN  o.e.m.c.i.embedder.EclipseLogger - Using platform encoding (MS949 actually) to copy filtered resources, i.e. build is platform dependent!
2019-11-11 18:37:54,755 [Worker-35: Building workspace] INFO  o.e.m.c.i.embedder.EclipseLogger - skip non existing resourceDirectory C:\github\DBP_recipeProject\t4_project\recipe_project\src\main\resources
2019-11-11 18:37:54,756 [Worker-35: Building workspace] WARN  o.e.m.c.i.embedder.EclipseLogger - Using platform encoding (MS949 actually) to copy filtered resources, i.e. build is platform dependent!
2019-11-11 18:37:54,758 [Worker-35: Building workspace] INFO  o.e.m.c.i.embedder.EclipseLogger - skip non existing resourceDirectory C:\github\DBP_recipeProject\t4_project\recipe_project\src\test\resources
2019-11-11 18:38:19,465 [Worker-34: Building workspace] WARN  o.e.m.c.i.embedder.EclipseLogger - Using platform encoding (MS949 actually) to copy filtered resources, i.e. build is platform dependent!
2019-11-11 18:38:19,467 [Worker-34: Building workspace] INFO  o.e.m.c.i.embedder.EclipseLogger - skip non existing resourceDirectory C:\github\DBP_recipeProject\t4_project\recipe_project\src\main\resources
2019-11-11 18:38:19,468 [Worker-34: Building workspace] WARN  o.e.m.c.i.embedder.EclipseLogger - Using platform encoding (MS949 actually) to copy filtered resources, i.e. build is platform dependent!
2019-11-11 18:38:19,473 [Worker-34: Building workspace] INFO  o.e.m.c.i.embedder.EclipseLogger - skip non existing resourceDirectory C:\github\DBP_recipeProject\t4_project\recipe_project\src\test\resources
2019-11-11 18:38:28,437 [Worker-35: Building workspace] WARN  o.e.m.c.i.embedder.EclipseLogger - Using platform encoding (MS949 actually) to copy filtered resources, i.e. build is platform dependent!
2019-11-11 18:38:28,444 [Worker-35: Building workspace] INFO  o.e.m.c.i.embedder.EclipseLogger - skip non existing resourceDirectory C:\github\DBP_recipeProject\t4_project\recipe_project\src\main\resources
2019-11-11 18:38:28,446 [Worker-35: Building workspace] WARN  o.e.m.c.i.embedder.EclipseLogger - Using platform encoding (MS949 actually) to copy filtered resources, i.e. build is platform dependent!
2019-11-11 18:38:28,448 [Worker-35: Building workspace] INFO  o.e.m.c.i.embedder.EclipseLogger - skip non existing resourceDirectory C:\github\DBP_recipeProject\t4_project\recipe_project\src\test\resources
2019-11-11 18:40:04,405 [Worker-31: Building workspace] WARN  o.e.m.c.i.embedder.EclipseLogger - Using platform encoding (MS949 actually) to copy filtered resources, i.e. build is platform dependent!
2019-11-11 18:40:04,407 [Worker-31: Building workspace] INFO  o.e.m.c.i.embedder.EclipseLogger - skip non existing resourceDirectory C:\github\DBP_recipeProject\t4_project\recipe_project\src\main\resources
2019-11-11 18:40:04,408 [Worker-31: Building workspace] WARN  o.e.m.c.i.embedder.EclipseLogger - Using platform encoding (MS949 actually) to copy filtered resources, i.e. build is platform dependent!
2019-11-11 18:40:04,414 [Worker-31: Building workspace] INFO  o.e.m.c.i.embedder.EclipseLogger - skip non existing resourceDirectory C:\github\DBP_recipeProject\t4_project\recipe_project\src\test\resources
2019-11-11 18:42:17,227 [Worker-38: Building workspace] WARN  o.e.m.c.i.embedder.EclipseLogger - Using platform encoding (MS949 actually) to copy filtered resources, i.e. build is platform dependent!
2019-11-11 18:42:17,232 [Worker-38: Building workspace] INFO  o.e.m.c.i.embedder.EclipseLogger - skip non existing resourceDirectory C:\github\DBP_recipeProject\t4_project\recipe_project\src\main\resources
2019-11-11 18:42:17,234 [Worker-38: Building workspace] WARN  o.e.m.c.i.embedder.EclipseLogger - Using platform encoding (MS949 actually) to copy filtered resources, i.e. build is platform dependent!
2019-11-11 18:42:17,236 [Worker-38: Building workspace] INFO  o.e.m.c.i.embedder.EclipseLogger - skip non existing resourceDirectory C:\github\DBP_recipeProject\t4_project\recipe_project\src\test\resources
2019-11-11 18:42:31,690 [Worker-39: Building workspace] WARN  o.e.m.c.i.embedder.EclipseLogger - Using platform encoding (MS949 actually) to copy filtered resources, i.e. build is platform dependent!
2019-11-11 18:42:31,692 [Worker-39: Building workspace] INFO  o.e.m.c.i.embedder.EclipseLogger - skip non existing resourceDirectory C:\github\DBP_recipeProject\t4_project\recipe_project\src\main\resources
2019-11-11 18:42:31,697 [Worker-39: Building workspace] WARN  o.e.m.c.i.embedder.EclipseLogger - Using platform encoding (MS949 actually) to copy filtered resources, i.e. build is platform dependent!
2019-11-11 18:42:31,699 [Worker-39: Building workspace] INFO  o.e.m.c.i.embedder.EclipseLogger - skip non existing resourceDirectory C:\github\DBP_recipeProject\t4_project\recipe_project\src\test\resources
2019-11-11 18:43:39,422 [Worker-41: Building workspace] WARN  o.e.m.c.i.embedder.EclipseLogger - Using platform encoding (MS949 actually) to copy filtered resources, i.e. build is platform dependent!
2019-11-11 18:43:39,424 [Worker-41: Building workspace] INFO  o.e.m.c.i.embedder.EclipseLogger - skip non existing resourceDirectory C:\github\DBP_recipeProject\t4_project\recipe_project\src\main\resources
2019-11-11 18:43:39,430 [Worker-41: Building workspace] WARN  o.e.m.c.i.embedder.EclipseLogger - Using platform encoding (MS949 actually) to copy filtered resources, i.e. build is platform dependent!
2019-11-11 18:43:39,434 [Worker-41: Building workspace] INFO  o.e.m.c.i.embedder.EclipseLogger - skip non existing resourceDirectory C:\github\DBP_recipeProject\t4_project\recipe_project\src\test\resources
2019-11-11 18:44:10,607 [Worker-41: Building workspace] WARN  o.e.m.c.i.embedder.EclipseLogger - Using platform encoding (MS949 actually) to copy filtered resources, i.e. build is platform dependent!
2019-11-11 18:44:10,609 [Worker-41: Building workspace] INFO  o.e.m.c.i.embedder.EclipseLogger - skip non existing resourceDirectory C:\github\DBP_recipeProject\t4_project\recipe_project\src\main\resources
2019-11-11 18:44:10,611 [Worker-41: Building workspace] WARN  o.e.m.c.i.embedder.EclipseLogger - Using platform encoding (MS949 actually) to copy filtered resources, i.e. build is platform dependent!
